<?xml version="1.0" encoding="UTF-8"?>
<testsuite name="final-product-proof" tests="37" failures="0" errors="0" skipped="2">
  <testcase classname="final_product" name="C:\Users\Inteli\AppData\Local\Programs\Python\Python311\python.exe scripts/generate_final_evidence_pack.py --evidence-dir C:\Users\Inteli\Documents\Projetos\academy-nvidia\final_case_evidence">
  </testcase>
  <testcase classname="final_product" name="C:\Users\Inteli\AppData\Local\Programs\Python\Python311\python.exe scripts/generate_finalization_evidence.py --evidence-dir C:\Users\Inteli\Documents\Projetos\academy-nvidia\final_case_evidence">
  </testcase>
  <testcase classname="final_product" name="C:\Users\Inteli\AppData\Local\Programs\Python\Python311\python.exe scripts/run_llm_security_suite.py --evidence-dir C:\Users\Inteli\Documents\Projetos\academy-nvidia\final_case_evidence">
  </testcase>
  <testcase classname="final_product" name="C:\Users\Inteli\AppData\Local\Programs\Python\Python311\python.exe scripts/run_benchmark.py --suite complete-catalog --candidate-catalog C:\Users\Inteli\Documents\Projetos\academy-nvidia\final_case_evidence\candidate_catalog.csv --results-path C:\Users\Inteli\Documents\Projetos\academy-nvidia\final_case_evidence\benchmark_results.jsonl --report-path C:\Users\Inteli\Documents\Projetos\academy-nvidia\final_case_evidence\benchmark_report.json">
  </testcase>
  <testcase classname="final_product" name="C:\Users\Inteli\AppData\Local\Programs\Python\Python311\python.exe scripts/check_candidate_catalog.py --catalog C:\Users\Inteli\Documents\Projetos\academy-nvidia\final_case_evidence\candidate_catalog.csv --require-benchmark-coverage">
  </testcase>
  <testcase classname="final_product" name="C:\Users\Inteli\AppData\Local\Programs\Python\Python311\python.exe scripts/check_external_free_verification.py --catalog C:\Users\Inteli\Documents\Projetos\academy-nvidia\final_case_evidence\candidate_catalog.csv --report-path C:\Users\Inteli\Documents\Projetos\academy-nvidia\final_case_evidence\external_free_verification_report.json --markdown-path C:\Users\Inteli\Documents\Projetos\academy-nvidia\final_case_evidence\external_free_verification_report.md">
  </testcase>
  <testcase classname="final_product" name="C:\Users\Inteli\AppData\Local\Programs\Python\Python311\python.exe scripts/review_free_external_candidates.py --catalog C:\Users\Inteli\Documents\Projetos\academy-nvidia\final_case_evidence\candidate_catalog.csv --report-path C:\Users\Inteli\Documents\Projetos\academy-nvidia\final_case_evidence\free_external_candidate_review.json --markdown-path C:\Users\Inteli\Documents\Projetos\academy-nvidia\final_case_evidence\free_external_candidate_review.md">
  </testcase>
  <testcase classname="final_product" name="C:\Users\Inteli\AppData\Local\Programs\Python\Python311\python.exe scripts/rank_value_candidates.py --catalog C:\Users\Inteli\Documents\Projetos\academy-nvidia\final_case_evidence\candidate_catalog.csv --free-external-review C:\Users\Inteli\Documents\Projetos\academy-nvidia\final_case_evidence\free_external_candidate_review.json --queue-path C:\Users\Inteli\Documents\Projetos\academy-nvidia\final_case_evidence\ranked_value_candidate_queue.json --markdown-path C:\Users\Inteli\Documents\Projetos\academy-nvidia\final_case_evidence\ranked_value_candidate_queue.md">
  </testcase>
  <testcase classname="final_product" name="C:\Users\Inteli\AppData\Local\Programs\Python\Python311\python.exe scripts/run_free_external_candidate_benchmarks.py --review-path C:\Users\Inteli\Documents\Projetos\academy-nvidia\final_case_evidence\free_external_candidate_review.json --report-path C:\Users\Inteli\Documents\Projetos\academy-nvidia\final_case_evidence\free_external_candidate_benchmark_report.json --markdown-path C:\Users\Inteli\Documents\Projetos\academy-nvidia\final_case_evidence\free_external_candidate_benchmark_report.md">
  </testcase>
  <testcase classname="final_product" name="C:\Users\Inteli\AppData\Local\Programs\Python\Python311\python.exe scripts/run_ranked_value_benchmarks.py --catalog C:\Users\Inteli\Documents\Projetos\academy-nvidia\final_case_evidence\candidate_catalog.csv --queue-path C:\Users\Inteli\Documents\Projetos\academy-nvidia\final_case_evidence\ranked_value_candidate_queue.json --report-path C:\Users\Inteli\Documents\Projetos\academy-nvidia\final_case_evidence\ranked_value_benchmark_report.json --markdown-path C:\Users\Inteli\Documents\Projetos\academy-nvidia\final_case_evidence\ranked_value_benchmark_report.md">
  </testcase>
  <testcase classname="final_product" name="C:\Users\Inteli\AppData\Local\Programs\Python\Python311\python.exe scripts/run_diagnostic_value_triage.py --evidence-dir C:\Users\Inteli\Documents\Projetos\academy-nvidia\final_case_evidence">
  </testcase>
  <testcase classname="final_product" name="C:\Users\Inteli\AppData\Local\Programs\Python\Python311\python.exe scripts/run_family_spike_benchmarks.py --evidence-dir C:\Users\Inteli\Documents\Projetos\academy-nvidia\final_case_evidence">
  </testcase>
  <testcase classname="final_product" name="C:\Users\Inteli\AppData\Local\Programs\Python\Python311\python.exe scripts/run_query_rewriting_product_spike.py --evidence-dir C:\Users\Inteli\Documents\Projetos\academy-nvidia\final_case_evidence">
  </testcase>
  <testcase classname="final_product" name="C:\Users\Inteli\AppData\Local\Programs\Python\Python311\python.exe scripts/run_next_action_enrichment_product_spike.py --evidence-dir C:\Users\Inteli\Documents\Projetos\academy-nvidia\final_case_evidence">
  </testcase>
  <testcase classname="final_product" name="C:\Users\Inteli\AppData\Local\Programs\Python\Python311\python.exe scripts/run_graphrag_evidence_graph_product_spike.py --evidence-dir C:\Users\Inteli\Documents\Projetos\academy-nvidia\final_case_evidence">
  </testcase>
  <testcase classname="final_product" name="C:\Users\Inteli\AppData\Local\Programs\Python\Python311\python.exe scripts/run_counter_evidence_product_spike.py --evidence-dir C:\Users\Inteli\Documents\Projetos\academy-nvidia\final_case_evidence">
  </testcase>
  <testcase classname="final_product" name="C:\Users\Inteli\AppData\Local\Programs\Python\Python311\python.exe scripts/run_source_quality_product_spike.py --evidence-dir C:\Users\Inteli\Documents\Projetos\academy-nvidia\final_case_evidence">
  </testcase>
  <testcase classname="final_product" name="C:\Users\Inteli\AppData\Local\Programs\Python\Python311\python.exe scripts/run_evidence_sufficiency_product_spike.py --evidence-dir C:\Users\Inteli\Documents\Projetos\academy-nvidia\final_case_evidence">
  </testcase>
  <testcase classname="final_product" name="C:\Users\Inteli\AppData\Local\Programs\Python\Python311\python.exe scripts/check_implemented_family_best_tool.py --evidence-dir C:\Users\Inteli\Documents\Projetos\academy-nvidia\final_case_evidence">
  </testcase>
  <testcase classname="final_product" name="C:\Users\Inteli\AppData\Local\Programs\Python\Python311\python.exe scripts/run_direct_alternative_gap_benchmarks.py --evidence-dir C:\Users\Inteli\Documents\Projetos\academy-nvidia\final_case_evidence">
  </testcase>
  <testcase classname="final_product" name="C:\Users\Inteli\AppData\Local\Programs\Python\Python311\python.exe scripts/check_implemented_family_best_tool.py --evidence-dir C:\Users\Inteli\Documents\Projetos\academy-nvidia\final_case_evidence">
  </testcase>
  <testcase classname="final_product" name="C:\Users\Inteli\AppData\Local\Programs\Python\Python311\python.exe scripts/check_value_family_completeness.py --evidence-dir C:\Users\Inteli\Documents\Projetos\academy-nvidia\final_case_evidence">
  </testcase>
  <testcase classname="final_product" name="C:\Users\Inteli\AppData\Local\Programs\Python\Python311\python.exe scripts/check_roadmap_closure_audit.py --evidence-dir C:\Users\Inteli\Documents\Projetos\academy-nvidia\final_case_evidence">
  </testcase>
  <testcase classname="final_product" name="C:\Users\Inteli\AppData\Local\Programs\Python\Python311\python.exe scripts/check_repository_clean.py">
  </testcase>
  <testcase classname="final_product" name="C:\Users\Inteli\AppData\Local\Programs\Python\Python311\python.exe scripts/package_final_release.py --evidence-dir C:\Users\Inteli\Documents\Projetos\academy-nvidia\final_case_evidence">
  </testcase>
  <testcase classname="final_product" name="C:\Users\Inteli\AppData\Local\Programs\Python\Python311\python.exe scripts/check_final_release_zip.py --evidence-dir C:\Users\Inteli\Documents\Projetos\academy-nvidia\final_case_evidence">
  </testcase>
  <testcase classname="final_product" name="C:\Users\Inteli\AppData\Local\Programs\Python\Python311\python.exe scripts/check_benchmark_type_policy.py --evidence-dir C:\Users\Inteli\Documents\Projetos\academy-nvidia\final_case_evidence">
  </testcase>
  <testcase classname="final_product" name="C:\Users\Inteli\AppData\Local\Programs\Python\Python311\python.exe scripts/check_runtime_value_policy.py --evidence-dir C:\Users\Inteli\Documents\Projetos\academy-nvidia\final_case_evidence">
  </testcase>
  <testcase classname="final_product" name="C:\Users\Inteli\AppData\Local\Programs\Python\Python311\python.exe scripts/check_numeric_governance.py --evidence-dir C:\Users\Inteli\Documents\Projetos\academy-nvidia\final_case_evidence">
  </testcase>
  <testcase classname="final_product" name="C:\Users\Inteli\AppData\Local\Programs\Python\Python311\python.exe scripts/check_source_compliance.py --evidence-dir C:\Users\Inteli\Documents\Projetos\academy-nvidia\final_case_evidence">
  </testcase>
  <testcase classname="final_product" name="C:\Users\Inteli\AppData\Local\Programs\Python\Python311\python.exe scripts/check_lineage_coverage.py --evidence-dir C:\Users\Inteli\Documents\Projetos\academy-nvidia\final_case_evidence">
  </testcase>
  <testcase classname="final_product" name="C:\Users\Inteli\AppData\Local\Programs\Python\Python311\python.exe scripts/check_security_release.py --evidence-dir C:\Users\Inteli\Documents\Projetos\academy-nvidia\final_case_evidence">
  </testcase>
  <testcase classname="final_product" name="C:\Users\Inteli\AppData\Local\Programs\Python\Python311\python.exe scripts/check_finalization_governance.py --evidence-dir C:\Users\Inteli\Documents\Projetos\academy-nvidia\final_case_evidence">
  </testcase>
  <testcase classname="final_product" name="C:\Users\Inteli\AppData\Local\Programs\Python\Python311\python.exe scripts/check_no_demo_dependency.py">
  </testcase>
  <testcase classname="final_product" name="C:\Users\Inteli\AppData\Roaming\Python\Python314\Scripts\pytest.EXE tests/unit/test_governance_schemas.py tests/unit/test_governance_artifacts.py tests/unit/test_benchmark_runner.py tests/unit/test_final_gate_scripts.py tests/unit/test_real_service_proof.py tests/unit/test_local_proof_doctor.py tests/unit/test_full_proof_pass_attempt.py tests/unit/test_ingest_nvidia_corpus.py tests/unit/test_product_acceptance_script.py --basetemp .pytest_tmp_final --tb=short">
  </testcase>
  <testcase classname="final_product" name="C:\Users\Inteli\AppData\Local\Programs\Python\Python311\python.exe scripts/local_proof_doctor.py --evidence-dir C:\Users\Inteli\Documents\Projetos\academy-nvidia\final_case_evidence">
    <skipped message="blocked by environment" />
  </testcase>
  <testcase classname="final_product" name="scripts/real_service_proof.py (skipped by local proof doctor)">
    <skipped message="Skipped because local proof doctor status is BLOCKED_BY_ENVIRONMENT. Blocking checks: ['langgraph_import', 'qdrant_client_import', 'postgres_driver_import', 'docker_cli', 'postgres_port', 'postgres_connection', 'qdrant_port', 'qdrant_service', 'qdrant_collection', 'embedding_provider']" />
  </testcase>
</testsuite>
